<?xml version="1.0" encoding="UTF-8"?>
<testng-results skipped="0" failed="0" total="2" passed="2">
  <reporter-output>
  </reporter-output>
  <suite name="Suite" duration-ms="21649" started-at="2018-01-11T10:59:13Z" finished-at="2018-01-11T10:59:34Z">
    <groups>
    </groups>
    <test name="CocCoc_Check" duration-ms="21649" started-at="2018-01-11T10:59:13Z" finished-at="2018-01-11T10:59:34Z">
      <class name="CCBrowser_Windows.CocCoc_CheckInstall">
        <test-method status="PASS" signature="checkCocCocShortcut()[pri:0, instance:CCBrowser_Windows.CocCoc_CheckInstall@735f7ae5]" name="checkCocCocShortcut" duration-ms="1243" started-at="2018-01-11T17:59:13Z" finished-at="2018-01-11T17:59:14Z">
          <reporter-output>
          </reporter-output>
        </test-method> <!-- checkCocCocShortcut -->
      </class> <!-- CCBrowser_Windows.CocCoc_CheckInstall -->
      <class name="CCBrowser_Windows.CocCoc_Omahacheck">
        <test-method status="PASS" signature="checkOmahaClient()[pri:0, instance:CCBrowser_Windows.CocCoc_Omahacheck@2c6a3f77]" name="checkOmahaClient" duration-ms="20394" started-at="2018-01-11T17:59:14Z" finished-at="2018-01-11T17:59:34Z">
          <reporter-output>
          </reporter-output>
        </test-method> <!-- checkOmahaClient -->
      </class> <!-- CCBrowser_Windows.CocCoc_Omahacheck -->
    </test> <!-- CocCoc_Check -->
  </suite> <!-- Suite -->
</testng-results>
