<?xml version="1.0" encoding="UTF-8"?>
<testng-results skipped="0" failed="0" ignored="0" total="1" passed="1">
  <reporter-output>
  </reporter-output>
  <suite name="Suite" duration-ms="2339" started-at="2018-01-09T10:26:55Z" finished-at="2018-01-09T10:26:57Z">
    <groups>
    </groups>
    <test name="CocCoc_Check" duration-ms="2339" started-at="2018-01-09T10:26:55Z" finished-at="2018-01-09T10:26:57Z">
      <class name="com.testSikuli.TestSikuli1">
        <test-method status="PASS" signature="openFileTest()[pri:0, instance:com.testSikuli.TestSikuli1@2e3fc542]" name="openFileTest" duration-ms="2316" started-at="2018-01-09T17:26:55Z" finished-at="2018-01-09T17:26:57Z">
          <reporter-output>
          </reporter-output>
        </test-method> <!-- openFileTest -->
      </class> <!-- com.testSikuli.TestSikuli1 -->
    </test> <!-- CocCoc_Check -->
  </suite> <!-- Suite -->
</testng-results>
